[debug] [2020-11-23T12:27:46.026Z] ----------------------------------------------------------------------
[debug] [2020-11-23T12:27:46.033Z] Command:       C:\Program Files\nodejs\node.exe C:\Users\felix\AppData\Roaming\npm\node_modules\firebase-tools\lib\bin\firebase.js emulators:start
[debug] [2020-11-23T12:27:46.034Z] CLI Version:   8.10.0
[debug] [2020-11-23T12:27:46.034Z] Platform:      win32
[debug] [2020-11-23T12:27:46.034Z] Node Version:  v12.4.0
[debug] [2020-11-23T12:27:46.121Z] Time:          Mon Nov 23 2020 12:27:46 GMT+0000 (Greenwich Mean Time)
[debug] [2020-11-23T12:27:46.122Z] ----------------------------------------------------------------------
[debug] [2020-11-23T12:27:46.123Z] 
[debug] [2020-11-23T12:27:46.481Z] > command requires scopes: ["email","openid","https://www.googleapis.com/auth/cloudplatformprojects.readonly","https://www.googleapis.com/auth/firebase","https://www.googleapis.com/auth/cloud-platform"]
[debug] [2020-11-23T12:27:46.485Z] > authorizing via signed-in user
[info] i  emulators: Starting emulators: functions, hosting {"metadata":{"emulator":{"name":"hub"},"message":"Starting emulators: functions, hosting"}}
[warn] !  emulators: It seems that you are running multiple instances of the emulator suite for project clone-d5fc0. This may result in unexpected behavior. 
[debug] [2020-11-23T12:27:47.739Z] [hub] writing locator at C:\Users\felix\AppData\Local\Temp\hub-clone-d5fc0.json
[warn] !  functions: The following emulators are not running, calls to these services from the Functions emulator will affect production: firestore, database, pubsub {"metadata":{"emulator":{"name":"functions"},"message":"The following emulators are not running, calls to these services from the Functions emulator will affect production: \u001b[1mfirestore, database, pubsub\u001b[22m"}}
[warn] !  Your requested "node" version "10" doesn't match your global version "12" {"metadata":{"emulator":{"name":"functions"},"message":"Your requested \"node\" version \"10\" doesn't match your global version \"12\""}}
[debug] [2020-11-23T12:27:49.109Z] defaultcredentials: writing to file C:\Users\felix\AppData\Roaming\firebase\freeman207fosu_gmail_com_application_default_credentials.json
[debug] [2020-11-23T12:27:49.151Z] Setting GAC to C:\Users\felix\AppData\Roaming\firebase\freeman207fosu_gmail_com_application_default_credentials.json {"metadata":{"emulator":{"name":"functions"},"message":"Setting GAC to C:\\Users\\felix\\AppData\\Roaming\\firebase\\freeman207fosu_gmail_com_application_default_credentials.json"}}
[debug] [2020-11-23T12:27:50.190Z] > refreshing access token with scopes: ["email","https://www.googleapis.com/auth/cloud-platform","https://www.googleapis.com/auth/cloudplatformprojects.readonly","https://www.googleapis.com/auth/firebase","openid"]
[debug] [2020-11-23T12:27:50.192Z] >>> HTTP REQUEST POST https://www.googleapis.com/oauth2/v3/token  
 <request body omitted>
[debug] [2020-11-23T12:27:50.834Z] <<< HTTP RESPONSE 200 {"cache-control":"no-cache, no-store, max-age=0, must-revalidate","expires":"Mon, 01 Jan 1990 00:00:00 GMT","pragma":"no-cache","date":"Mon, 23 Nov 2020 12:27:32 GMT","content-type":"application/json; charset=utf-8","vary":"X-Origin, Referer, Origin,Accept-Encoding","server":"scaffolding on HTTPServer2","x-xss-protection":"0","x-frame-options":"SAMEORIGIN","x-content-type-options":"nosniff","alt-svc":"h3-29=\":443\"; ma=2592000,h3-T051=\":443\"; ma=2592000,h3-Q050=\":443\"; ma=2592000,h3-Q046=\":443\"; ma=2592000,h3-Q043=\":443\"; ma=2592000,quic=\":443\"; ma=2592000; v=\"46,43\"","accept-ranges":"none","transfer-encoding":"chunked"}
[debug] [2020-11-23T12:27:50.958Z] >>> HTTP REQUEST GET https://firebase.googleapis.com/v1beta1/projects/clone-d5fc0/webApps/-/config  
 
[debug] [2020-11-23T12:27:52.119Z] <<< HTTP RESPONSE 200 {"content-type":"application/json; charset=UTF-8","vary":"X-Origin, Referer, Origin,Accept-Encoding","date":"Mon, 23 Nov 2020 12:27:33 GMT","server":"ESF","cache-control":"private","x-xss-protection":"0","x-frame-options":"SAMEORIGIN","x-content-type-options":"nosniff","alt-svc":"h3-29=\":443\"; ma=2592000,h3-T051=\":443\"; ma=2592000,h3-Q050=\":443\"; ma=2592000,h3-Q046=\":443\"; ma=2592000,h3-Q043=\":443\"; ma=2592000,quic=\":443\"; ma=2592000; v=\"46,43\"","accept-ranges":"none","transfer-encoding":"chunked"}
[info] i  hosting: Serving hosting files from: build {"metadata":{"emulator":{"name":"hosting"},"message":"Serving hosting files from: \u001b[1mbuild\u001b[22m"}}
[info] +  hosting: Local server: http://localhost:5000 {"metadata":{"emulator":{"name":"hosting"},"message":"Local server: \u001b[4m\u001b[1mhttp://localhost:5000\u001b[22m\u001b[24m"}}
[debug] [2020-11-23T12:27:54.635Z] Ignoring unsupported arg: auto_download {"metadata":{"emulator":{"name":"ui"},"message":"Ignoring unsupported arg: auto_download"}}
[debug] [2020-11-23T12:27:54.636Z] Ignoring unsupported arg: port {"metadata":{"emulator":{"name":"ui"},"message":"Ignoring unsupported arg: port"}}
[debug] [2020-11-23T12:27:54.636Z] Starting Emulator UI with command {"binary":"node","args":["C:\\Users\\felix\\.cache\\firebase\\emulators\\ui-v1.1.1\\server.bundle.js"],"optionalArgs":[],"joinArgs":false} {"metadata":{"emulator":{"name":"ui"},"message":"Starting Emulator UI with command {\"binary\":\"node\",\"args\":[\"C:\\\\Users\\\\felix\\\\.cache\\\\firebase\\\\emulators\\\\ui-v1.1.1\\\\server.bundle.js\"],\"optionalArgs\":[],\"joinArgs\":false}"}}
[info] i  ui: Emulator UI logging to ui-debug.log {"metadata":{"emulator":{"name":"ui"},"message":"Emulator UI logging to \u001b[1mui-debug.log\u001b[22m"}}
[debug] [2020-11-23T12:27:55.063Z] Web / API server started at http://localhost:4000
 {"metadata":{"emulator":{"name":"ui"},"message":"Web / API server started at http://localhost:4000\n"}}
[info] i  functions: Watching "C:\Users\felix\Desktop\project\amazon-clone\functions" for Cloud Functions... {"metadata":{"emulator":{"name":"functions"},"message":"Watching \"C:\\Users\\felix\\Desktop\\project\\amazon-clone\\functions\" for Cloud Functions..."}}
[debug] [2020-11-23T12:27:55.301Z] [worker-pool] addWorker(~diagnostic~) {"metadata":{"emulator":{"name":"functions"},"message":"[worker-pool] addWorker(~diagnostic~)"}}
[debug] [2020-11-23T12:27:55.302Z] [worker-pool] Adding worker with key ~diagnostic~, total=1 {"metadata":{"emulator":{"name":"functions"},"message":"[worker-pool] Adding worker with key ~diagnostic~, total=1"}}
[debug] [2020-11-23T12:27:55.303Z] [worker-pool] submitWork(triggerId=) {"metadata":{"emulator":{"name":"functions"},"message":"[worker-pool] submitWork(triggerId=)"}}
[debug] [2020-11-23T12:27:55.305Z] [worker-~diagnostic~-5b348acd-60f5-45be-bc11-8763f4a94aa9]: Assigning socketPath: \\?\pipe\C:\Users\felix\Desktop\project\amazon-clone\functions\7456 {"metadata":{"emulator":{"name":"functions"},"message":"[worker-~diagnostic~-5b348acd-60f5-45be-bc11-8763f4a94aa9]: Assigning socketPath: \\\\?\\pipe\\C:\\Users\\felix\\Desktop\\project\\amazon-clone\\functions\\7456"}}
[debug] [2020-11-23T12:27:55.306Z] [worker-~diagnostic~-5b348acd-60f5-45be-bc11-8763f4a94aa9]: BUSY {"metadata":{"emulator":{"name":"functions"},"message":"[worker-~diagnostic~-5b348acd-60f5-45be-bc11-8763f4a94aa9]: BUSY"}}
[debug] [2020-11-23T12:27:57.021Z] [runtime-status] [7456] Functions runtime initialized. {"cwd":"C:\\Users\\felix\\Desktop\\project\\amazon-clone\\functions","node_version":"12.4.0"} {"metadata":{"emulator":{"name":"functions"},"message":"[runtime-status] [7456] Functions runtime initialized. {\"cwd\":\"C:\\\\Users\\\\felix\\\\Desktop\\\\project\\\\amazon-clone\\\\functions\",\"node_version\":\"12.4.0\"}"}}
[debug] [2020-11-23T12:27:57.023Z] [runtime-status] [7456] Disabled runtime features: undefined {"metadata":{"emulator":{"name":"functions"},"message":"[runtime-status] [7456] Disabled runtime features: undefined"}}
[debug] [2020-11-23T12:27:57.112Z] [runtime-status] [7456] Resolved module firebase-admin {"declared":true,"installed":true,"version":"8.13.0","resolution":"C:\\Users\\felix\\Desktop\\project\\amazon-clone\\functions\\node_modules\\firebase-admin\\lib\\index.js"} {"metadata":{"emulator":{"name":"functions"},"message":"[runtime-status] [7456] Resolved module firebase-admin {\"declared\":true,\"installed\":true,\"version\":\"8.13.0\",\"resolution\":\"C:\\\\Users\\\\felix\\\\Desktop\\\\project\\\\amazon-clone\\\\functions\\\\node_modules\\\\firebase-admin\\\\lib\\\\index.js\"}"}}
[debug] [2020-11-23T12:27:57.182Z] [runtime-status] [7456] Resolved module firebase-functions {"declared":true,"installed":true,"version":"3.11.0","resolution":"C:\\Users\\felix\\Desktop\\project\\amazon-clone\\functions\\node_modules\\firebase-functions\\lib\\index.js"} {"metadata":{"emulator":{"name":"functions"},"message":"[runtime-status] [7456] Resolved module firebase-functions {\"declared\":true,\"installed\":true,\"version\":\"3.11.0\",\"resolution\":\"C:\\\\Users\\\\felix\\\\Desktop\\\\project\\\\amazon-clone\\\\functions\\\\node_modules\\\\firebase-functions\\\\lib\\\\index.js\"}"}}
[debug] [2020-11-23T12:27:57.189Z] [runtime-status] [7456] Resolved module firebase-functions {"declared":true,"installed":true,"version":"3.11.0","resolution":"C:\\Users\\felix\\Desktop\\project\\amazon-clone\\functions\\node_modules\\firebase-functions\\lib\\index.js"} {"metadata":{"emulator":{"name":"functions"},"message":"[runtime-status] [7456] Resolved module firebase-functions {\"declared\":true,\"installed\":true,\"version\":\"3.11.0\",\"resolution\":\"C:\\\\Users\\\\felix\\\\Desktop\\\\project\\\\amazon-clone\\\\functions\\\\node_modules\\\\firebase-functions\\\\lib\\\\index.js\"}"}}
[debug] [2020-11-23T12:27:57.199Z] [runtime-status] [7456] Outgoing network have been stubbed. [{"name":"http","status":"mocked"},{"name":"http","status":"mocked"},{"name":"https","status":"mocked"},{"name":"https","status":"mocked"},{"name":"net","status":"mocked"}] {"metadata":{"emulator":{"name":"functions"},"message":"[runtime-status] [7456] Outgoing network have been stubbed. [{\"name\":\"http\",\"status\":\"mocked\"},{\"name\":\"http\",\"status\":\"mocked\"},{\"name\":\"https\",\"status\":\"mocked\"},{\"name\":\"https\",\"status\":\"mocked\"},{\"name\":\"net\",\"status\":\"mocked\"}]"}}
[debug] [2020-11-23T12:27:57.203Z] [runtime-status] [7456] Resolved module firebase-functions {"declared":true,"installed":true,"version":"3.11.0","resolution":"C:\\Users\\felix\\Desktop\\project\\amazon-clone\\functions\\node_modules\\firebase-functions\\lib\\index.js"} {"metadata":{"emulator":{"name":"functions"},"message":"[runtime-status] [7456] Resolved module firebase-functions {\"declared\":true,\"installed\":true,\"version\":\"3.11.0\",\"resolution\":\"C:\\\\Users\\\\felix\\\\Desktop\\\\project\\\\amazon-clone\\\\functions\\\\node_modules\\\\firebase-functions\\\\lib\\\\index.js\"}"}}
[debug] [2020-11-23T12:27:59.154Z] [runtime-status] [7456] Checked functions.config() {"config":{}} {"metadata":{"emulator":{"name":"functions"},"message":"[runtime-status] [7456] Checked functions.config() {\"config\":{}}"}}
[debug] [2020-11-23T12:27:59.156Z] [runtime-status] [7456] firebase-functions has been stubbed. {"functionsResolution":{"declared":true,"installed":true,"version":"3.11.0","resolution":"C:\\Users\\felix\\Desktop\\project\\amazon-clone\\functions\\node_modules\\firebase-functions\\lib\\index.js"}} {"metadata":{"emulator":{"name":"functions"},"message":"[runtime-status] [7456] firebase-functions has been stubbed. {\"functionsResolution\":{\"declared\":true,\"installed\":true,\"version\":\"3.11.0\",\"resolution\":\"C:\\\\Users\\\\felix\\\\Desktop\\\\project\\\\amazon-clone\\\\functions\\\\node_modules\\\\firebase-functions\\\\lib\\\\index.js\"}}"}}
[debug] [2020-11-23T12:27:59.159Z] [runtime-status] [7456] Resolved module firebase-functions {"declared":true,"installed":true,"version":"3.11.0","resolution":"C:\\Users\\felix\\Desktop\\project\\amazon-clone\\functions\\node_modules\\firebase-functions\\lib\\index.js"} {"metadata":{"emulator":{"name":"functions"},"message":"[runtime-status] [7456] Resolved module firebase-functions {\"declared\":true,\"installed\":true,\"version\":\"3.11.0\",\"resolution\":\"C:\\\\Users\\\\felix\\\\Desktop\\\\project\\\\amazon-clone\\\\functions\\\\node_modules\\\\firebase-functions\\\\lib\\\\index.js\"}"}}
[debug] [2020-11-23T12:27:59.165Z] [runtime-status] [7456] Resolved module firebase-admin {"declared":true,"installed":true,"version":"8.13.0","resolution":"C:\\Users\\felix\\Desktop\\project\\amazon-clone\\functions\\node_modules\\firebase-admin\\lib\\index.js"} {"metadata":{"emulator":{"name":"functions"},"message":"[runtime-status] [7456] Resolved module firebase-admin {\"declared\":true,\"installed\":true,\"version\":\"8.13.0\",\"resolution\":\"C:\\\\Users\\\\felix\\\\Desktop\\\\project\\\\amazon-clone\\\\functions\\\\node_modules\\\\firebase-admin\\\\lib\\\\index.js\"}"}}
[debug] [2020-11-23T12:27:59.169Z] [runtime-status] [7456] Resolved module firebase-functions {"declared":true,"installed":true,"version":"3.11.0","resolution":"C:\\Users\\felix\\Desktop\\project\\amazon-clone\\functions\\node_modules\\firebase-functions\\lib\\index.js"} {"metadata":{"emulator":{"name":"functions"},"message":"[runtime-status] [7456] Resolved module firebase-functions {\"declared\":true,\"installed\":true,\"version\":\"3.11.0\",\"resolution\":\"C:\\\\Users\\\\felix\\\\Desktop\\\\project\\\\amazon-clone\\\\functions\\\\node_modules\\\\firebase-functions\\\\lib\\\\index.js\"}"}}
[debug] [2020-11-23T12:27:59.170Z] [runtime-status] [7456] firebase-admin has been stubbed. {"adminResolution":{"declared":true,"installed":true,"version":"8.13.0","resolution":"C:\\Users\\felix\\Desktop\\project\\amazon-clone\\functions\\node_modules\\firebase-admin\\lib\\index.js"}} {"metadata":{"emulator":{"name":"functions"},"message":"[runtime-status] [7456] firebase-admin has been stubbed. {\"adminResolution\":{\"declared\":true,\"installed\":true,\"version\":\"8.13.0\",\"resolution\":\"C:\\\\Users\\\\felix\\\\Desktop\\\\project\\\\amazon-clone\\\\functions\\\\node_modules\\\\firebase-admin\\\\lib\\\\index.js\"}}"}}
[info] +  functions[api]: http function initialized (http://localhost:5001/clone-d5fc0/us-central1/api). {"metadata":{"emulator":{"name":"functions"},"message":"\u001b[1mhttp\u001b[22m function initialized (http://localhost:5001/clone-d5fc0/us-central1/api)."}}
[info] 
┌───────────────────────────────────────────────────────────────────────┐
│ ✔  All emulators ready! View status and logs at http://localhost:4000 │
└───────────────────────────────────────────────────────────────────────┘

┌───────────┬────────────────┬─────────────────────────────────┐
│ Emulator  │ Host:Port      │ View in Emulator UI             │
├───────────┼────────────────┼─────────────────────────────────┤
│ Functions │ localhost:5001 │ http://localhost:4000/functions │
├───────────┼────────────────┼─────────────────────────────────┤
│ Hosting   │ localhost:5000 │ n/a                             │
└───────────┴────────────────┴─────────────────────────────────┘
  Other reserved ports: 4400, 4500

Issues? Report them at https://github.com/firebase/firebase-tools/issues and attach the *-debug.log files.
 
[debug] [2020-11-23T12:28:06.581Z] [worker-~diagnostic~-5b348acd-60f5-45be-bc11-8763f4a94aa9]: IDLE {"metadata":{"emulator":{"name":"functions"},"message":"[worker-~diagnostic~-5b348acd-60f5-45be-bc11-8763f4a94aa9]: IDLE"}}
[debug] [2020-11-23T12:34:54.267Z] [work-queue] {"queueLength":1,"workRunningCount":0}
[debug] [2020-11-23T12:34:54.268Z] [work-queue] {"queueLength":0,"workRunningCount":1}
[debug] [2020-11-23T12:34:54.269Z] Accepted request GET /clone-d5fc0/us-central1/api --> api
[debug] [2020-11-23T12:34:54.336Z] [worker-pool] addWorker(api) {"metadata":{"emulator":{"name":"functions"},"message":"[worker-pool] addWorker(api)"}}
[debug] [2020-11-23T12:34:54.337Z] [worker-pool] Adding worker with key api, total=1 {"metadata":{"emulator":{"name":"functions"},"message":"[worker-pool] Adding worker with key api, total=1"}}
[debug] [2020-11-23T12:34:54.337Z] [worker-pool] submitWork(triggerId=api) {"metadata":{"emulator":{"name":"functions"},"message":"[worker-pool] submitWork(triggerId=api)"}}
[debug] [2020-11-23T12:34:54.338Z] [worker-api-91ebfd40-8984-4bd5-8adc-ee621a0da880]: Assigning socketPath: \\?\pipe\C:\Users\felix\Desktop\project\amazon-clone\functions\9464 {"metadata":{"emulator":{"name":"functions"},"message":"[worker-api-91ebfd40-8984-4bd5-8adc-ee621a0da880]: Assigning socketPath: \\\\?\\pipe\\C:\\Users\\felix\\Desktop\\project\\amazon-clone\\functions\\9464"}}
[debug] [2020-11-23T12:34:54.338Z] [worker-api-91ebfd40-8984-4bd5-8adc-ee621a0da880]: BUSY {"metadata":{"emulator":{"name":"functions"},"message":"[worker-api-91ebfd40-8984-4bd5-8adc-ee621a0da880]: BUSY"}}
[debug] [2020-11-23T12:34:56.511Z] [runtime-status] [9464] Functions runtime initialized. {"cwd":"C:\\Users\\felix\\Desktop\\project\\amazon-clone\\functions","node_version":"12.4.0"} {"metadata":{"emulator":{"name":"functions"},"function":{"name":"api"},"message":"[runtime-status] [9464] Functions runtime initialized. {\"cwd\":\"C:\\\\Users\\\\felix\\\\Desktop\\\\project\\\\amazon-clone\\\\functions\",\"node_version\":\"12.4.0\"}"}}
[debug] [2020-11-23T12:34:56.515Z] [runtime-status] [9464] Disabled runtime features: undefined {"metadata":{"emulator":{"name":"functions"},"function":{"name":"api"},"message":"[runtime-status] [9464] Disabled runtime features: undefined"}}
[debug] [2020-11-23T12:34:56.533Z] [runtime-status] [9464] Resolved module firebase-admin {"declared":true,"installed":true,"version":"8.13.0","resolution":"C:\\Users\\felix\\Desktop\\project\\amazon-clone\\functions\\node_modules\\firebase-admin\\lib\\index.js"} {"metadata":{"emulator":{"name":"functions"},"function":{"name":"api"},"message":"[runtime-status] [9464] Resolved module firebase-admin {\"declared\":true,\"installed\":true,\"version\":\"8.13.0\",\"resolution\":\"C:\\\\Users\\\\felix\\\\Desktop\\\\project\\\\amazon-clone\\\\functions\\\\node_modules\\\\firebase-admin\\\\lib\\\\index.js\"}"}}
[debug] [2020-11-23T12:34:56.539Z] [runtime-status] [9464] Resolved module firebase-functions {"declared":true,"installed":true,"version":"3.11.0","resolution":"C:\\Users\\felix\\Desktop\\project\\amazon-clone\\functions\\node_modules\\firebase-functions\\lib\\index.js"} {"metadata":{"emulator":{"name":"functions"},"function":{"name":"api"},"message":"[runtime-status] [9464] Resolved module firebase-functions {\"declared\":true,\"installed\":true,\"version\":\"3.11.0\",\"resolution\":\"C:\\\\Users\\\\felix\\\\Desktop\\\\project\\\\amazon-clone\\\\functions\\\\node_modules\\\\firebase-functions\\\\lib\\\\index.js\"}"}}
[debug] [2020-11-23T12:34:56.542Z] [runtime-status] [9464] Resolved module firebase-functions {"declared":true,"installed":true,"version":"3.11.0","resolution":"C:\\Users\\felix\\Desktop\\project\\amazon-clone\\functions\\node_modules\\firebase-functions\\lib\\index.js"} {"metadata":{"emulator":{"name":"functions"},"function":{"name":"api"},"message":"[runtime-status] [9464] Resolved module firebase-functions {\"declared\":true,\"installed\":true,\"version\":\"3.11.0\",\"resolution\":\"C:\\\\Users\\\\felix\\\\Desktop\\\\project\\\\amazon-clone\\\\functions\\\\node_modules\\\\firebase-functions\\\\lib\\\\index.js\"}"}}
[debug] [2020-11-23T12:34:56.546Z] [runtime-status] [9464] Outgoing network have been stubbed. [{"name":"http","status":"mocked"},{"name":"http","status":"mocked"},{"name":"https","status":"mocked"},{"name":"https","status":"mocked"},{"name":"net","status":"mocked"}] {"metadata":{"emulator":{"name":"functions"},"function":{"name":"api"},"message":"[runtime-status] [9464] Outgoing network have been stubbed. [{\"name\":\"http\",\"status\":\"mocked\"},{\"name\":\"http\",\"status\":\"mocked\"},{\"name\":\"https\",\"status\":\"mocked\"},{\"name\":\"https\",\"status\":\"mocked\"},{\"name\":\"net\",\"status\":\"mocked\"}]"}}
[debug] [2020-11-23T12:34:56.549Z] [runtime-status] [9464] Resolved module firebase-functions {"declared":true,"installed":true,"version":"3.11.0","resolution":"C:\\Users\\felix\\Desktop\\project\\amazon-clone\\functions\\node_modules\\firebase-functions\\lib\\index.js"} {"metadata":{"emulator":{"name":"functions"},"function":{"name":"api"},"message":"[runtime-status] [9464] Resolved module firebase-functions {\"declared\":true,\"installed\":true,\"version\":\"3.11.0\",\"resolution\":\"C:\\\\Users\\\\felix\\\\Desktop\\\\project\\\\amazon-clone\\\\functions\\\\node_modules\\\\firebase-functions\\\\lib\\\\index.js\"}"}}
[debug] [2020-11-23T12:34:56.716Z] [runtime-status] [9464] Checked functions.config() {"config":{}} {"metadata":{"emulator":{"name":"functions"},"function":{"name":"api"},"message":"[runtime-status] [9464] Checked functions.config() {\"config\":{}}"}}
[debug] [2020-11-23T12:34:56.718Z] [runtime-status] [9464] firebase-functions has been stubbed. {"functionsResolution":{"declared":true,"installed":true,"version":"3.11.0","resolution":"C:\\Users\\felix\\Desktop\\project\\amazon-clone\\functions\\node_modules\\firebase-functions\\lib\\index.js"}} {"metadata":{"emulator":{"name":"functions"},"function":{"name":"api"},"message":"[runtime-status] [9464] firebase-functions has been stubbed. {\"functionsResolution\":{\"declared\":true,\"installed\":true,\"version\":\"3.11.0\",\"resolution\":\"C:\\\\Users\\\\felix\\\\Desktop\\\\project\\\\amazon-clone\\\\functions\\\\node_modules\\\\firebase-functions\\\\lib\\\\index.js\"}}"}}
[debug] [2020-11-23T12:34:56.721Z] [runtime-status] [9464] Resolved module firebase-functions {"declared":true,"installed":true,"version":"3.11.0","resolution":"C:\\Users\\felix\\Desktop\\project\\amazon-clone\\functions\\node_modules\\firebase-functions\\lib\\index.js"} {"metadata":{"emulator":{"name":"functions"},"function":{"name":"api"},"message":"[runtime-status] [9464] Resolved module firebase-functions {\"declared\":true,\"installed\":true,\"version\":\"3.11.0\",\"resolution\":\"C:\\\\Users\\\\felix\\\\Desktop\\\\project\\\\amazon-clone\\\\functions\\\\node_modules\\\\firebase-functions\\\\lib\\\\index.js\"}"}}
[debug] [2020-11-23T12:34:56.725Z] [runtime-status] [9464] Resolved module firebase-admin {"declared":true,"installed":true,"version":"8.13.0","resolution":"C:\\Users\\felix\\Desktop\\project\\amazon-clone\\functions\\node_modules\\firebase-admin\\lib\\index.js"} {"metadata":{"emulator":{"name":"functions"},"function":{"name":"api"},"message":"[runtime-status] [9464] Resolved module firebase-admin {\"declared\":true,\"installed\":true,\"version\":\"8.13.0\",\"resolution\":\"C:\\\\Users\\\\felix\\\\Desktop\\\\project\\\\amazon-clone\\\\functions\\\\node_modules\\\\firebase-admin\\\\lib\\\\index.js\"}"}}
[debug] [2020-11-23T12:34:56.727Z] [runtime-status] [9464] Resolved module firebase-functions {"declared":true,"installed":true,"version":"3.11.0","resolution":"C:\\Users\\felix\\Desktop\\project\\amazon-clone\\functions\\node_modules\\firebase-functions\\lib\\index.js"} {"metadata":{"emulator":{"name":"functions"},"function":{"name":"api"},"message":"[runtime-status] [9464] Resolved module firebase-functions {\"declared\":true,\"installed\":true,\"version\":\"3.11.0\",\"resolution\":\"C:\\\\Users\\\\felix\\\\Desktop\\\\project\\\\amazon-clone\\\\functions\\\\node_modules\\\\firebase-functions\\\\lib\\\\index.js\"}"}}
[debug] [2020-11-23T12:34:56.727Z] [runtime-status] [9464] firebase-admin has been stubbed. {"adminResolution":{"declared":true,"installed":true,"version":"8.13.0","resolution":"C:\\Users\\felix\\Desktop\\project\\amazon-clone\\functions\\node_modules\\firebase-admin\\lib\\index.js"}} {"metadata":{"emulator":{"name":"functions"},"function":{"name":"api"},"message":"[runtime-status] [9464] firebase-admin has been stubbed. {\"adminResolution\":{\"declared\":true,\"installed\":true,\"version\":\"8.13.0\",\"resolution\":\"C:\\\\Users\\\\felix\\\\Desktop\\\\project\\\\amazon-clone\\\\functions\\\\node_modules\\\\firebase-admin\\\\lib\\\\index.js\"}}"}}
[debug] [2020-11-23T12:34:57.644Z] [runtime-status] [9464] Trigger "api" has been found, beginning invocation! {"metadata":{"emulator":{"name":"functions"},"function":{"name":"api"},"message":"[runtime-status] [9464] Trigger \"api\" has been found, beginning invocation!"}}
[info] i  functions: Beginning execution of "api" {"metadata":{"emulator":{"name":"functions"},"function":{"name":"api"},"message":"Beginning execution of \"api\""}}
[debug] [2020-11-23T12:34:57.647Z] [runtime-status] [9464] triggerDefinition {"httpsTrigger":{},"name":"api","entryPoint":"api"} {"metadata":{"emulator":{"name":"functions"},"function":{"name":"api"},"message":"[runtime-status] [9464] triggerDefinition {\"httpsTrigger\":{},\"name\":\"api\",\"entryPoint\":\"api\"}"}}
[debug] [2020-11-23T12:34:57.648Z] [runtime-status] [9464] Running api in mode HTTPS {"metadata":{"emulator":{"name":"functions"},"function":{"name":"api"},"message":"[runtime-status] [9464] Running api in mode HTTPS"}}
[debug] [2020-11-23T12:34:57.659Z] [runtime-status] [9464] Attempting to listen to socketPath: \\?\pipe\C:\Users\felix\Desktop\project\amazon-clone\functions\9464 {"metadata":{"emulator":{"name":"functions"},"function":{"name":"api"},"message":"[runtime-status] [9464] Attempting to listen to socketPath: \\\\?\\pipe\\C:\\Users\\felix\\Desktop\\project\\amazon-clone\\functions\\9464"}}
[debug] [2020-11-23T12:34:57.671Z] [functions] Runtime ready! Sending request! {"metadata":{"emulator":{"name":"functions"},"message":"[functions] Runtime ready! Sending request!"}}
[debug] [2020-11-23T12:34:57.702Z] [runtime-status] [9464] Ephemeral server handling GET request {"metadata":{"emulator":{"name":"functions"},"function":{"name":"api"},"message":"[runtime-status] [9464] Ephemeral server handling GET request"}}
[debug] [2020-11-23T12:34:57.732Z] [runtime-status] [9464] Ephemeral server survived. {"metadata":{"emulator":{"name":"functions"},"function":{"name":"api"},"message":"[runtime-status] [9464] Ephemeral server survived."}}
[info] i  functions: Finished "api" in ~1s {"metadata":{"emulator":{"name":"functions"},"function":{"name":"api"},"message":"Finished \"api\" in ~1s"}}
[debug] [2020-11-23T12:34:57.759Z] [worker-api-91ebfd40-8984-4bd5-8adc-ee621a0da880]: IDLE {"metadata":{"emulator":{"name":"functions"},"message":"[worker-api-91ebfd40-8984-4bd5-8adc-ee621a0da880]: IDLE"}}
[debug] [2020-11-23T12:34:57.760Z] [work-queue] {"queueLength":0,"workRunningCount":0}
[debug] [2020-11-23T12:34:58.007Z] Functions emulator received unknown request at path /favicon.ico
[debug] [2020-11-23T12:36:13.741Z] [work-queue] {"queueLength":1,"workRunningCount":0}
[debug] [2020-11-23T12:36:13.742Z] [work-queue] {"queueLength":0,"workRunningCount":1}
[debug] [2020-11-23T12:36:13.742Z] Accepted request POST /clone-d5fc0/us-central1/api/payments/create?total=${getBasketTotal(basket)%20*%20100%20} --> api
[debug] [2020-11-23T12:36:13.742Z] [worker-pool] submitWork(triggerId=api) {"metadata":{"emulator":{"name":"functions"},"message":"[worker-pool] submitWork(triggerId=api)"}}
[debug] [2020-11-23T12:36:13.743Z] [worker-api-91ebfd40-8984-4bd5-8adc-ee621a0da880]: Assigning socketPath: \\?\pipe\C:\Users\felix\Desktop\project\amazon-clone\functions\9464 {"metadata":{"emulator":{"name":"functions"},"message":"[worker-api-91ebfd40-8984-4bd5-8adc-ee621a0da880]: Assigning socketPath: \\\\?\\pipe\\C:\\Users\\felix\\Desktop\\project\\amazon-clone\\functions\\9464"}}
[debug] [2020-11-23T12:36:13.743Z] [worker-api-91ebfd40-8984-4bd5-8adc-ee621a0da880]: BUSY {"metadata":{"emulator":{"name":"functions"},"message":"[worker-api-91ebfd40-8984-4bd5-8adc-ee621a0da880]: BUSY"}}
[debug] [2020-11-23T12:36:13.745Z] [runtime-status] [9464] Trigger "api" has been found, beginning invocation! {"metadata":{"emulator":{"name":"functions"},"function":{"name":"api"},"message":"[runtime-status] [9464] Trigger \"api\" has been found, beginning invocation!"}}
[info] i  functions: Beginning execution of "api" {"metadata":{"emulator":{"name":"functions"},"function":{"name":"api"},"message":"Beginning execution of \"api\""}}
[debug] [2020-11-23T12:36:13.748Z] [runtime-status] [9464] triggerDefinition {"httpsTrigger":{},"name":"api","entryPoint":"api"} {"metadata":{"emulator":{"name":"functions"},"function":{"name":"api"},"message":"[runtime-status] [9464] triggerDefinition {\"httpsTrigger\":{},\"name\":\"api\",\"entryPoint\":\"api\"}"}}
[debug] [2020-11-23T12:36:13.749Z] [runtime-status] [9464] Running api in mode HTTPS {"metadata":{"emulator":{"name":"functions"},"function":{"name":"api"},"message":"[runtime-status] [9464] Running api in mode HTTPS"}}
[debug] [2020-11-23T12:36:13.750Z] [runtime-status] [9464] Attempting to listen to socketPath: \\?\pipe\C:\Users\felix\Desktop\project\amazon-clone\functions\9464 {"metadata":{"emulator":{"name":"functions"},"function":{"name":"api"},"message":"[runtime-status] [9464] Attempting to listen to socketPath: \\\\?\\pipe\\C:\\Users\\felix\\Desktop\\project\\amazon-clone\\functions\\9464"}}
[debug] [2020-11-23T12:36:13.753Z] [functions] Runtime ready! Sending request! {"metadata":{"emulator":{"name":"functions"},"message":"[functions] Runtime ready! Sending request!"}}
[debug] [2020-11-23T12:36:13.764Z] [runtime-status] [9464] Ephemeral server handling POST request {"metadata":{"emulator":{"name":"functions"},"function":{"name":"api"},"message":"[runtime-status] [9464] Ephemeral server handling POST request"}}
[info] >  Payment Request Recieved BOOM!!! for this amount >>> ${getBasketTotal(basket) * 100 } {"user":"Payment Request Recieved BOOM!!! for this amount >>> ${getBasketTotal(basket) * 100 }","metadata":{"emulator":{"name":"functions"},"function":{"name":"api"},"message":"\u001b[90m> \u001b[39m Payment Request Recieved BOOM!!! for this amount >>> ${getBasketTotal(basket) * 100 }"}}
[debug] [2020-11-23T12:36:13.900Z] [runtime-status] [9464] Ephemeral server survived. {"metadata":{"emulator":{"name":"functions"},"function":{"name":"api"},"message":"[runtime-status] [9464] Ephemeral server survived."}}
[info] >  (node:9464) UnhandledPromiseRejectionWarning: Error: Invalid integer: ${getBasketTotal(basket) * 100 } {"user":"(node:9464) UnhandledPromiseRejectionWarning: Error: Invalid integer: ${getBasketTotal(basket) * 100 }","metadata":{"emulator":{"name":"functions"},"function":{"name":"api"},"message":"\u001b[90m> \u001b[39m (node:9464) UnhandledPromiseRejectionWarning: Error: Invalid integer: ${getBasketTotal(basket) * 100 }"}}
[info] >      at Function.generate (C:\Users\felix\Desktop\project\amazon-clone\functions\node_modules\stripe\lib\Error.js:40:16) {"user":"    at Function.generate (C:\\Users\\felix\\Desktop\\project\\amazon-clone\\functions\\node_modules\\stripe\\lib\\Error.js:40:16)","metadata":{"emulator":{"name":"functions"},"function":{"name":"api"},"message":"\u001b[90m> \u001b[39m     at Function.generate (C:\\Users\\felix\\Desktop\\project\\amazon-clone\\functions\\node_modules\\stripe\\lib\\Error.js:40:16)"}}
[info] >      at IncomingMessage.<anonymous> (C:\Users\felix\Desktop\project\amazon-clone\functions\node_modules\stripe\lib\StripeResource.js:190:33) {"user":"    at IncomingMessage.<anonymous> (C:\\Users\\felix\\Desktop\\project\\amazon-clone\\functions\\node_modules\\stripe\\lib\\StripeResource.js:190:33)","metadata":{"emulator":{"name":"functions"},"function":{"name":"api"},"message":"\u001b[90m> \u001b[39m     at IncomingMessage.<anonymous> (C:\\Users\\felix\\Desktop\\project\\amazon-clone\\functions\\node_modules\\stripe\\lib\\StripeResource.js:190:33)"}}
[info] >      at Object.onceWrapper (events.js:288:20) {"user":"    at Object.onceWrapper (events.js:288:20)","metadata":{"emulator":{"name":"functions"},"function":{"name":"api"},"message":"\u001b[90m> \u001b[39m     at Object.onceWrapper (events.js:288:20)"}}
[info] >      at IncomingMessage.emit (events.js:205:15) {"user":"    at IncomingMessage.emit (events.js:205:15)","metadata":{"emulator":{"name":"functions"},"function":{"name":"api"},"message":"\u001b[90m> \u001b[39m     at IncomingMessage.emit (events.js:205:15)"}}
[info] >      at endReadableNT (_stream_readable.js:1154:12) {"user":"    at endReadableNT (_stream_readable.js:1154:12)","metadata":{"emulator":{"name":"functions"},"function":{"name":"api"},"message":"\u001b[90m> \u001b[39m     at endReadableNT (_stream_readable.js:1154:12)"}}
[info] >      at processTicksAndRejections (internal/process/task_queues.js:84:9) {"user":"    at processTicksAndRejections (internal/process/task_queues.js:84:9)","metadata":{"emulator":{"name":"functions"},"function":{"name":"api"},"message":"\u001b[90m> \u001b[39m     at processTicksAndRejections (internal/process/task_queues.js:84:9)"}}
[info] >  (node:9464) UnhandledPromiseRejectionWarning: Unhandled promise rejection. This error originated either by throwing inside of an async function without a catch block, or by rejecting a promise which was not handled with .catch(). (rejection id: 1) {"user":"(node:9464) UnhandledPromiseRejectionWarning: Unhandled promise rejection. This error originated either by throwing inside of an async function without a catch block, or by rejecting a promise which was not handled with .catch(). (rejection id: 1)","metadata":{"emulator":{"name":"functions"},"function":{"name":"api"},"message":"\u001b[90m> \u001b[39m (node:9464) UnhandledPromiseRejectionWarning: Unhandled promise rejection. This error originated either by throwing inside of an async function without a catch block, or by rejecting a promise which was not handled with .catch(). (rejection id: 1)"}}
[info] >  (node:9464) [DEP0018] DeprecationWarning: Unhandled promise rejections are deprecated. In the future, promise rejections that are not handled will terminate the Node.js process with a non-zero exit code. {"user":"(node:9464) [DEP0018] DeprecationWarning: Unhandled promise rejections are deprecated. In the future, promise rejections that are not handled will terminate the Node.js process with a non-zero exit code.","metadata":{"emulator":{"name":"functions"},"function":{"name":"api"},"message":"\u001b[90m> \u001b[39m (node:9464) [DEP0018] DeprecationWarning: Unhandled promise rejections are deprecated. In the future, promise rejections that are not handled will terminate the Node.js process with a non-zero exit code."}}
[warn] !  functions: Your function timed out after ~60s. To configure this timeout, see
      https://firebase.google.com/docs/functions/manage-functions#set_timeout_and_memory_allocation. {"metadata":{"emulator":{"name":"functions"},"function":{"name":"api"},"message":"Your function timed out after ~60s. To configure this timeout, see\n      https://firebase.google.com/docs/functions/manage-functions#set_timeout_and_memory_allocation."}}
[info] >  C:\Users\felix\AppData\Roaming\npm\node_modules\firebase-tools\lib\emulator\functionsEmulatorRuntime.js:642 {"user":"C:\\Users\\felix\\AppData\\Roaming\\npm\\node_modules\\firebase-tools\\lib\\emulator\\functionsEmulatorRuntime.js:642\r","metadata":{"emulator":{"name":"functions"},"function":{"name":"api"},"message":"\u001b[90m> \u001b[39m C:\\Users\\felix\\AppData\\Roaming\\npm\\node_modules\\firebase-tools\\lib\\emulator\\functionsEmulatorRuntime.js:642\r"}}
[info] >                  throw new Error("Function timed out."); {"user":"                throw new Error(\"Function timed out.\");\r","metadata":{"emulator":{"name":"functions"},"function":{"name":"api"},"message":"\u001b[90m> \u001b[39m                 throw new Error(\"Function timed out.\");\r"}}
[info] >                  ^ {"user":"                ^\r","metadata":{"emulator":{"name":"functions"},"function":{"name":"api"},"message":"\u001b[90m> \u001b[39m                 ^\r"}}
[info] >   {"user":"\r","metadata":{"emulator":{"name":"functions"},"function":{"name":"api"},"message":"\u001b[90m> \u001b[39m \r"}}
[info] >  Error: Function timed out. {"user":"Error: Function timed out.\r","metadata":{"emulator":{"name":"functions"},"function":{"name":"api"},"message":"\u001b[90m> \u001b[39m Error: Function timed out.\r"}}
[info] >      at Timeout._onTimeout (C:\Users\felix\AppData\Roaming\npm\node_modules\firebase-tools\lib\emulator\functionsEmulatorRuntime.js:642:23) {"user":"    at Timeout._onTimeout (C:\\Users\\felix\\AppData\\Roaming\\npm\\node_modules\\firebase-tools\\lib\\emulator\\functionsEmulatorRuntime.js:642:23)\r","metadata":{"emulator":{"name":"functions"},"function":{"name":"api"},"message":"\u001b[90m> \u001b[39m     at Timeout._onTimeout (C:\\Users\\felix\\AppData\\Roaming\\npm\\node_modules\\firebase-tools\\lib\\emulator\\functionsEmulatorRuntime.js:642:23)\r"}}
[info] >      at listOnTimeout (internal/timers.js:531:17) {"user":"    at listOnTimeout (internal/timers.js:531:17)\r","metadata":{"emulator":{"name":"functions"},"function":{"name":"api"},"message":"\u001b[90m> \u001b[39m     at listOnTimeout (internal/timers.js:531:17)\r"}}
[info] >      at processTimers (internal/timers.js:475:7) {"user":"    at processTimers (internal/timers.js:475:7)\r","metadata":{"emulator":{"name":"functions"},"function":{"name":"api"},"message":"\u001b[90m> \u001b[39m     at processTimers (internal/timers.js:475:7)\r"}}
[debug] [2020-11-23T12:37:13.859Z] [worker-api-91ebfd40-8984-4bd5-8adc-ee621a0da880]: exited {"metadata":{"emulator":{"name":"functions"},"message":"[worker-api-91ebfd40-8984-4bd5-8adc-ee621a0da880]: exited"}}
[debug] [2020-11-23T12:37:13.860Z] [worker-api-91ebfd40-8984-4bd5-8adc-ee621a0da880]: FINISHED {"metadata":{"emulator":{"name":"functions"},"message":"[worker-api-91ebfd40-8984-4bd5-8adc-ee621a0da880]: FINISHED"}}
[debug] [2020-11-23T12:37:13.861Z] [work-queue] {"queueLength":0,"workRunningCount":0}
